[2021-07-30 14:20:36.209 +0300] INFO: hello world
[2021-07-30 16:10:56.388 +0300] INFO: getPlans(DAO) requested with: {"days":["2021-07-21"],"user":"paulOkunev@mgail.com"}
[2021-07-30 16:10:56.515 +0300] INFO: getPlans(DAO) responded with: [{"_id":"2021-07-21","items":[{"time":"17:30","plan":"Visit hairdresser"},{"time":"16:00","plan":"Reading"},{"time":"11:15","plan":"Dentist"},{"time":"14:25","plan":"Yoga"},{"time":"14:45","plan":"Yoga"}]}]
[2021-07-30 16:11:08.241 +0300] INFO: getPlans(DAO) requested with: {"days":[""],"user":"paulOkunev@mgail.com"}
[2021-07-30 16:11:08.361 +0300] INFO: getPlans(DAO) responded with: []
[2021-07-30 16:11:09.192 +0300] INFO: getPlans(DAO) requested with: {"days":["2021-07-22"],"user":"paulOkunev@mgail.com"}
[2021-07-30 16:11:09.994 +0300] INFO: getPlans(DAO) responded with: [{"_id":"2021-07-22","items":[{"time":"14:25","plan":"Yoga"},{"time":"15:00","plan":"Drawing"}]}]
[2021-07-30 16:11:11.736 +0300] INFO: getPlans(DAO) requested with: {"days":[""],"user":"paulOkunev@mgail.com"}
[2021-07-30 16:11:11.855 +0300] INFO: getPlans(DAO) responded with: []
[2021-07-30 16:11:12.084 +0300] INFO: getPlans(DAO) requested with: {"days":["2021-07-23"],"user":"paulOkunev@mgail.com"}
[2021-07-30 16:11:12.204 +0300] INFO: getPlans(DAO) responded with: []
[2021-07-30 16:11:13.624 +0300] INFO: getPlans(DAO) requested with: {"days":[""],"user":"paulOkunev@mgail.com"}
[2021-07-30 16:11:13.744 +0300] INFO: getPlans(DAO) responded with: []
[2021-07-30 16:11:14.551 +0300] INFO: getPlans(DAO) requested with: {"days":["2021-07-24"],"user":"paulOkunev@mgail.com"}
[2021-07-30 16:11:14.671 +0300] INFO: getPlans(DAO) responded with: [{"_id":"2021-07-24","items":[{"time":"16:30","plan":"Coding"},{"time":"16:30","plan":"Codin"}]}]
[2021-07-30 16:11:24.169 +0300] INFO: addPlan(DAO) requested with: {"plan":"Dancing","date":"2021-07-24","time":"17:00"}
[2021-07-30 16:11:24.427 +0300] INFO: addPlan(DAO) responded with: [{"_id":"2021-07-24","items":[{"time":"16:30","plan":"Coding"},{"time":"16:30","plan":"Codin"},{"time":"17:00","plan":"Dancing"}]}]
[2021-07-30 16:11:38.647 +0300] INFO: getPlans(DAO) requested with: {"days":["2021-07-21"],"user":"paulOkunev@mgail.com"}
[2021-07-30 16:11:38.773 +0300] INFO: getPlans(DAO) responded with: [{"_id":"2021-07-21","items":[{"time":"17:30","plan":"Visit hairdresser"},{"time":"16:00","plan":"Reading"},{"time":"11:15","plan":"Dentist"},{"time":"14:25","plan":"Yoga"},{"time":"14:45","plan":"Yoga"}]}]
[2021-07-30 16:11:43.728 +0300] INFO: getPlans(DAO) requested with: {"days":[""],"user":"paulOkunev@mgail.com"}
[2021-07-30 16:11:43.850 +0300] INFO: getPlans(DAO) responded with: []
[2021-07-30 16:11:48.183 +0300] INFO: getPlans(DAO) requested with: {"days":["2021-07-21"],"user":"paulOkunev@mgail.com"}
[2021-07-30 16:11:48.304 +0300] INFO: getPlans(DAO) responded with: [{"_id":"2021-07-21","items":[{"time":"17:30","plan":"Visit hairdresser"},{"time":"16:00","plan":"Reading"},{"time":"11:15","plan":"Dentist"},{"time":"14:25","plan":"Yoga"},{"time":"14:45","plan":"Yoga"}]}]
[2021-07-30 16:11:48.926 +0300] INFO: getPlans(DAO) requested with: {"days":["2021-07-21","2021-07-24"],"user":"paulOkunev@mgail.com"}
[2021-07-30 16:11:49.048 +0300] INFO: getPlans(DAO) responded with: [{"_id":"2021-07-21","items":[{"time":"17:30","plan":"Visit hairdresser"},{"time":"16:00","plan":"Reading"},{"time":"11:15","plan":"Dentist"},{"time":"14:25","plan":"Yoga"},{"time":"14:45","plan":"Yoga"}]},{"_id":"2021-07-24","items":[{"time":"16:30","plan":"Coding"},{"time":"16:30","plan":"Codin"},{"time":"17:00","plan":"Dancing"}]}]
[2021-07-30 16:11:54.723 +0300] INFO: getPlans(DAO) requested with: {"days":["2021-07-21"],"user":"paulOkunev@mgail.com"}
[2021-07-30 16:11:54.844 +0300] INFO: getPlans(DAO) responded with: [{"_id":"2021-07-21","items":[{"time":"17:30","plan":"Visit hairdresser"},{"time":"16:00","plan":"Reading"},{"time":"11:15","plan":"Dentist"},{"time":"14:25","plan":"Yoga"},{"time":"14:45","plan":"Yoga"}]}]
[2021-07-30 16:11:55.319 +0300] INFO: getPlans(DAO) requested with: {"days":[""],"user":"paulOkunev@mgail.com"}
[2021-07-30 16:11:55.440 +0300] INFO: getPlans(DAO) responded with: []
[2021-07-30 16:11:56.549 +0300] INFO: getPlans(DAO) requested with: {"days":["2021-07-24"],"user":"paulOkunev@mgail.com"}
[2021-07-30 16:11:56.672 +0300] INFO: getPlans(DAO) responded with: [{"_id":"2021-07-24","items":[{"time":"16:30","plan":"Coding"},{"time":"16:30","plan":"Codin"},{"time":"17:00","plan":"Dancing"}]}]
[2021-07-30 16:11:57.391 +0300] INFO: getPlans(DAO) requested with: {"days":["2021-07-24","2021-07-21"],"user":"paulOkunev@mgail.com"}
[2021-07-30 16:11:57.514 +0300] INFO: getPlans(DAO) responded with: [{"_id":"2021-07-24","items":[{"time":"16:30","plan":"Coding"},{"time":"16:30","plan":"Codin"},{"time":"17:00","plan":"Dancing"}]},{"_id":"2021-07-21","items":[{"time":"17:30","plan":"Visit hairdresser"},{"time":"16:00","plan":"Reading"},{"time":"11:15","plan":"Dentist"},{"time":"14:25","plan":"Yoga"},{"time":"14:45","plan":"Yoga"}]}]
[2021-07-30 16:12:01.815 +0300] INFO: getPlans(DAO) requested with: {"days":["2021-07-21"],"user":"paulOkunev@mgail.com"}
[2021-07-30 16:12:01.936 +0300] INFO: getPlans(DAO) responded with: [{"_id":"2021-07-21","items":[{"time":"17:30","plan":"Visit hairdresser"},{"time":"16:00","plan":"Reading"},{"time":"11:15","plan":"Dentist"},{"time":"14:25","plan":"Yoga"},{"time":"14:45","plan":"Yoga"}]}]
[2021-07-30 16:12:02.209 +0300] INFO: getPlans(DAO) requested with: {"days":[""],"user":"paulOkunev@mgail.com"}
[2021-07-30 16:12:02.331 +0300] INFO: getPlans(DAO) responded with: []
[2021-07-30 16:14:56.189 +0300] INFO: getPlans(DAO) requested with: {"days":["2021-07-09"],"user":"paulOkunev@mgail.com"}
[2021-07-30 16:14:56.314 +0300] INFO: getPlans(DAO) responded with: []
[2021-07-30 16:14:57.166 +0300] INFO: getPlans(DAO) requested with: {"days":[""],"user":"paulOkunev@mgail.com"}
[2021-07-30 16:14:57.285 +0300] INFO: getPlans(DAO) responded with: []
[2021-07-30 16:14:57.841 +0300] INFO: getPlans(DAO) requested with: {"days":["2021-07-10"],"user":"paulOkunev@mgail.com"}
[2021-07-30 16:14:57.960 +0300] INFO: getPlans(DAO) responded with: []
[2021-07-30 16:14:58.566 +0300] INFO: getPlans(DAO) requested with: {"days":["2021-07-10","2021-07-11"],"user":"paulOkunev@mgail.com"}
[2021-07-30 16:14:58.690 +0300] INFO: getPlans(DAO) responded with: []
[2021-07-30 16:14:59.232 +0300] INFO: getPlans(DAO) requested with: {"days":["2021-07-10"],"user":"paulOkunev@mgail.com"}
[2021-07-30 16:14:59.350 +0300] INFO: getPlans(DAO) responded with: []
[2021-07-30 16:14:59.532 +0300] INFO: getPlans(DAO) requested with: {"days":[""],"user":"paulOkunev@mgail.com"}
[2021-07-30 16:14:59.650 +0300] INFO: getPlans(DAO) responded with: []
[2021-07-30 16:15:00.770 +0300] INFO: getPlans(DAO) requested with: {"days":["2021-07-24"],"user":"paulOkunev@mgail.com"}
[2021-07-30 16:15:00.889 +0300] INFO: getPlans(DAO) responded with: [{"_id":"2021-07-24","items":[{"time":"16:30","plan":"Coding"},{"time":"16:30","plan":"Codin"},{"time":"17:00","plan":"Dancing"}]}]
[2021-07-30 16:15:02.216 +0300] INFO: getPlans(DAO) requested with: {"days":[""],"user":"paulOkunev@mgail.com"}
[2021-07-30 16:15:02.335 +0300] INFO: getPlans(DAO) responded with: []
[2021-07-30 16:15:07.166 +0300] INFO: getPlans(DAO) requested with: {"days":["2021-08-14"],"user":"paulOkunev@mgail.com"}
[2021-07-30 16:15:07.285 +0300] INFO: getPlans(DAO) responded with: []
[2021-07-30 16:15:08.416 +0300] INFO: getPlans(DAO) requested with: {"days":["2021-08-14","2021-07-31"],"user":"paulOkunev@mgail.com"}
[2021-07-30 16:15:08.537 +0300] INFO: getPlans(DAO) responded with: [{"_id":"2021-07-31","items":[{"time":"16:30","plan":"Coding"}]}]
[2021-07-30 16:15:10.752 +0300] INFO: getPlans(DAO) requested with: {"days":["2021-08-14","2021-07-31","2021-07-29"],"user":"paulOkunev@mgail.com"}
[2021-07-30 16:15:10.874 +0300] INFO: getPlans(DAO) responded with: [{"_id":"2021-07-31","items":[{"time":"16:30","plan":"Coding"}]}]
[2021-07-30 16:15:11.896 +0300] INFO: getPlans(DAO) requested with: {"days":["2021-08-14","2021-07-31","2021-07-29","2021-07-28"],"user":"paulOkunev@mgail.com"}
[2021-07-30 16:15:12.017 +0300] INFO: getPlans(DAO) responded with: [{"_id":"2021-07-31","items":[{"time":"16:30","plan":"Coding"}]}]
[2021-07-30 16:15:12.554 +0300] INFO: getPlans(DAO) requested with: {"days":["2021-08-14","2021-07-31","2021-07-29","2021-07-28","2021-07-30"],"user":"paulOkunev@mgail.com"}
[2021-07-30 16:15:12.675 +0300] INFO: getPlans(DAO) responded with: [{"_id":"2021-07-31","items":[{"time":"16:30","plan":"Coding"}]}]
[2021-07-30 16:15:13.288 +0300] INFO: getPlans(DAO) requested with: {"days":["2021-08-14","2021-07-31","2021-07-29","2021-07-28","2021-07-30","2021-07-27"],"user":"paulOkunev@mgail.com"}
[2021-07-30 16:15:13.407 +0300] INFO: getPlans(DAO) responded with: [{"_id":"2021-07-31","items":[{"time":"16:30","plan":"Coding"}]}]
[2021-07-30 16:15:13.760 +0300] INFO: getPlans(DAO) requested with: {"days":["2021-08-14","2021-07-31","2021-07-29","2021-07-28","2021-07-30","2021-07-27","2021-07-26"],"user":"paulOkunev@mgail.com"}
[2021-07-30 16:15:13.879 +0300] INFO: getPlans(DAO) responded with: [{"_id":"2021-07-31","items":[{"time":"16:30","plan":"Coding"}]}]
[2021-07-30 16:15:15.414 +0300] INFO: getPlans(DAO) requested with: {"days":["2021-08-14","2021-07-31","2021-07-29","2021-07-28","2021-07-30","2021-07-27","2021-07-26","2021-08-12"],"user":"paulOkunev@mgail.com"}
[2021-07-30 16:15:15.533 +0300] INFO: getPlans(DAO) responded with: [{"_id":"2021-07-31","items":[{"time":"16:30","plan":"Coding"}]}]
[2021-07-30 16:15:15.816 +0300] INFO: getPlans(DAO) requested with: {"days":["2021-08-14","2021-07-31","2021-07-29","2021-07-28","2021-07-30","2021-07-27","2021-07-26","2021-08-12","2021-08-11"],"user":"paulOkunev@mgail.com"}
[2021-07-30 16:15:15.934 +0300] INFO: getPlans(DAO) responded with: [{"_id":"2021-07-31","items":[{"time":"16:30","plan":"Coding"}]}]
[2021-07-30 16:15:16.172 +0300] INFO: getPlans(DAO) requested with: {"days":["2021-08-14","2021-07-31","2021-07-29","2021-07-28","2021-07-30","2021-07-27","2021-07-26","2021-08-12","2021-08-11","2021-08-10"],"user":"paulOkunev@mgail.com"}
[2021-07-30 16:15:16.520 +0300] INFO: getPlans(DAO) requested with: {"days":["2021-08-14","2021-07-31","2021-07-29","2021-07-28","2021-07-30","2021-07-27","2021-07-26","2021-08-12","2021-08-11","2021-08-10","2021-08-09"],"user":"paulOkunev@mgail.com"}
[2021-07-30 16:15:16.648 +0300] INFO: getPlans(DAO) responded with: [{"_id":"2021-07-31","items":[{"time":"16:30","plan":"Coding"}]}]
[2021-07-30 16:15:16.766 +0300] INFO: getPlans(DAO) responded with: [{"_id":"2021-07-31","items":[{"time":"16:30","plan":"Coding"}]}]
[2021-07-30 16:15:16.884 +0300] INFO: getPlans(DAO) requested with: {"days":["2021-08-14","2021-07-31","2021-07-29","2021-07-28","2021-07-30","2021-07-27","2021-07-26","2021-08-12","2021-08-11","2021-08-10","2021-08-09","2021-08-16"],"user":"paulOkunev@mgail.com"}
[2021-07-30 16:15:17.003 +0300] INFO: getPlans(DAO) responded with: [{"_id":"2021-07-31","items":[{"time":"16:30","plan":"Coding"}]}]
[2021-07-30 16:15:17.208 +0300] INFO: getPlans(DAO) requested with: {"days":["2021-08-14","2021-07-31","2021-07-29","2021-07-28","2021-07-30","2021-07-27","2021-07-26","2021-08-12","2021-08-11","2021-08-10","2021-08-09","2021-08-16","2021-08-17"],"user":"paulOkunev@mgail.com"}
[2021-07-30 16:15:17.331 +0300] INFO: getPlans(DAO) responded with: [{"_id":"2021-07-31","items":[{"time":"16:30","plan":"Coding"}]}]
[2021-07-30 16:15:17.526 +0300] INFO: getPlans(DAO) requested with: {"days":["2021-08-14","2021-07-31","2021-07-29","2021-07-28","2021-07-30","2021-07-27","2021-07-26","2021-08-12","2021-08-11","2021-08-10","2021-08-09","2021-08-16","2021-08-17","2021-08-18"],"user":"paulOkunev@mgail.com"}
[2021-07-30 16:15:17.642 +0300] INFO: getPlans(DAO) responded with: [{"_id":"2021-07-31","items":[{"time":"16:30","plan":"Coding"}]}]
[2021-07-30 16:15:17.920 +0300] INFO: getPlans(DAO) requested with: {"days":["2021-08-14","2021-07-31","2021-07-29","2021-07-28","2021-07-30","2021-07-27","2021-07-26","2021-08-12","2021-08-11","2021-08-10","2021-08-09","2021-08-16","2021-08-17","2021-08-18","2021-08-19"],"user":"paulOkunev@mgail.com"}
[2021-07-30 16:15:18.039 +0300] INFO: getPlans(DAO) responded with: [{"_id":"2021-07-31","items":[{"time":"16:30","plan":"Coding"}]}]
[2021-07-30 16:15:18.244 +0300] INFO: getPlans(DAO) requested with: {"days":["2021-08-14","2021-07-31","2021-07-29","2021-07-28","2021-07-30","2021-07-27","2021-07-26","2021-08-12","2021-08-11","2021-08-10","2021-08-09","2021-08-16","2021-08-17","2021-08-18"],"user":"paulOkunev@mgail.com"}
[2021-07-30 16:15:18.359 +0300] INFO: getPlans(DAO) responded with: [{"_id":"2021-07-31","items":[{"time":"16:30","plan":"Coding"}]}]
[2021-07-30 16:15:19.056 +0300] INFO: getPlans(DAO) requested with: {"days":["2021-07-31","2021-07-29","2021-07-28","2021-07-30","2021-07-27","2021-07-26","2021-08-12","2021-08-11","2021-08-10","2021-08-09","2021-08-16","2021-08-17","2021-08-18"],"user":"paulOkunev@mgail.com"}
[2021-07-30 16:15:19.176 +0300] INFO: getPlans(DAO) responded with: [{"_id":"2021-07-31","items":[{"time":"16:30","plan":"Coding"}]}]
[2021-07-30 16:15:19.380 +0300] INFO: getPlans(DAO) requested with: {"days":["2021-07-31","2021-07-29","2021-07-28","2021-07-30","2021-07-27","2021-07-26","2021-08-11","2021-08-10","2021-08-09","2021-08-16","2021-08-17","2021-08-18"],"user":"paulOkunev@mgail.com"}
[2021-07-30 16:15:19.495 +0300] INFO: getPlans(DAO) responded with: [{"_id":"2021-07-31","items":[{"time":"16:30","plan":"Coding"}]}]
[2021-07-30 16:15:19.790 +0300] INFO: getPlans(DAO) requested with: {"days":["2021-07-31","2021-07-29","2021-07-28","2021-07-30","2021-07-27","2021-07-26","2021-08-10","2021-08-09","2021-08-16","2021-08-17","2021-08-18"],"user":"paulOkunev@mgail.com"}
[2021-07-30 16:15:19.912 +0300] INFO: getPlans(DAO) responded with: [{"_id":"2021-07-31","items":[{"time":"16:30","plan":"Coding"}]}]
[2021-07-30 16:15:20.232 +0300] INFO: getPlans(DAO) requested with: {"days":["2021-07-31","2021-07-29","2021-07-28","2021-07-30","2021-07-27","2021-07-26","2021-08-10","2021-08-09","2021-08-16","2021-08-18"],"user":"paulOkunev@mgail.com"}
[2021-07-30 16:15:20.656 +0300] INFO: getPlans(DAO) requested with: {"days":["2021-07-31","2021-07-29","2021-07-28","2021-07-30","2021-07-27","2021-07-26","2021-08-09","2021-08-16","2021-08-18"],"user":"paulOkunev@mgail.com"}
[2021-07-30 16:15:20.683 +0300] INFO: getPlans(DAO) responded with: [{"_id":"2021-07-31","items":[{"time":"16:30","plan":"Coding"}]}]
[2021-07-30 16:15:20.920 +0300] INFO: getPlans(DAO) requested with: {"days":["2021-07-31","2021-07-29","2021-07-28","2021-07-30","2021-07-27","2021-07-26","2021-08-16","2021-08-18"],"user":"paulOkunev@mgail.com"}
[2021-07-30 16:15:21.035 +0300] INFO: getPlans(DAO) responded with: [{"_id":"2021-07-31","items":[{"time":"16:30","plan":"Coding"}]}]
[2021-07-30 16:15:21.137 +0300] INFO: getPlans(DAO) responded with: [{"_id":"2021-07-31","items":[{"time":"16:30","plan":"Coding"}]}]
[2021-07-30 16:15:21.244 +0300] INFO: getPlans(DAO) requested with: {"days":["2021-07-31","2021-07-29","2021-07-28","2021-07-30","2021-07-27","2021-07-26","2021-08-18"],"user":"paulOkunev@mgail.com"}
[2021-07-30 16:15:21.358 +0300] INFO: getPlans(DAO) responded with: [{"_id":"2021-07-31","items":[{"time":"16:30","plan":"Coding"}]}]
[2021-07-30 16:15:21.616 +0300] INFO: getPlans(DAO) requested with: {"days":["2021-07-31","2021-07-29","2021-07-28","2021-07-30","2021-07-27","2021-08-18"],"user":"paulOkunev@mgail.com"}
[2021-07-30 16:15:21.735 +0300] INFO: getPlans(DAO) responded with: [{"_id":"2021-07-31","items":[{"time":"16:30","plan":"Coding"}]}]
[2021-07-30 16:15:21.895 +0300] INFO: getPlans(DAO) requested with: {"days":["2021-07-31","2021-07-29","2021-07-28","2021-07-30","2021-08-18"],"user":"paulOkunev@mgail.com"}
[2021-07-30 16:15:22.010 +0300] INFO: getPlans(DAO) responded with: [{"_id":"2021-07-31","items":[{"time":"16:30","plan":"Coding"}]}]
[2021-07-30 16:15:22.210 +0300] INFO: getPlans(DAO) requested with: {"days":["2021-07-31","2021-07-29","2021-07-30","2021-08-18"],"user":"paulOkunev@mgail.com"}
[2021-07-30 16:15:22.328 +0300] INFO: getPlans(DAO) responded with: [{"_id":"2021-07-31","items":[{"time":"16:30","plan":"Coding"}]}]
[2021-07-30 16:15:22.490 +0300] INFO: getPlans(DAO) requested with: {"days":["2021-07-31","2021-07-30","2021-08-18"],"user":"paulOkunev@mgail.com"}
[2021-07-30 16:15:22.604 +0300] INFO: getPlans(DAO) responded with: [{"_id":"2021-07-31","items":[{"time":"16:30","plan":"Coding"}]}]
[2021-07-30 16:15:22.784 +0300] INFO: getPlans(DAO) requested with: {"days":["2021-07-31","2021-07-30","2021-08-18","2021-07-29"],"user":"paulOkunev@mgail.com"}
[2021-07-30 16:15:23.162 +0300] INFO: getPlans(DAO) requested with: {"days":["2021-07-30","2021-08-18","2021-07-29"],"user":"paulOkunev@mgail.com"}
[2021-07-30 16:15:23.263 +0300] INFO: getPlans(DAO) responded with: [{"_id":"2021-07-31","items":[{"time":"16:30","plan":"Coding"}]}]
[2021-07-30 16:15:23.279 +0300] INFO: getPlans(DAO) responded with: []
[2021-07-30 16:15:23.534 +0300] INFO: getPlans(DAO) requested with: {"days":["2021-08-18","2021-07-29"],"user":"paulOkunev@mgail.com"}
[2021-07-30 16:15:23.653 +0300] INFO: getPlans(DAO) responded with: []
[2021-07-30 16:15:24.106 +0300] INFO: getPlans(DAO) requested with: {"days":["2021-08-18"],"user":"paulOkunev@mgail.com"}
[2021-07-30 16:15:24.222 +0300] INFO: getPlans(DAO) responded with: []
[2021-07-30 16:15:24.616 +0300] INFO: getPlans(DAO) requested with: {"days":["2021-08-18","2021-08-11"],"user":"paulOkunev@mgail.com"}
[2021-07-30 16:15:24.735 +0300] INFO: getPlans(DAO) responded with: []
[2021-07-30 16:15:24.988 +0300] INFO: getPlans(DAO) requested with: {"days":["2021-08-11"],"user":"paulOkunev@mgail.com"}
[2021-07-30 16:15:25.102 +0300] INFO: getPlans(DAO) responded with: []
[2021-07-30 16:15:25.258 +0300] INFO: getPlans(DAO) requested with: {"days":[""],"user":"paulOkunev@mgail.com"}
[2021-07-30 16:15:25.377 +0300] INFO: getPlans(DAO) responded with: []
[2021-07-30 16:15:30.284 +0300] INFO: getPlans(DAO) requested with: {"days":["2021-08-11"],"user":"paulOkunev@mgail.com"}
[2021-07-30 16:15:30.399 +0300] INFO: getPlans(DAO) responded with: []
[2021-07-30 16:15:39.704 +0300] INFO: addPlan(DAO) requested with: {"plan":"Birthday of Paul","date":"2021-08-11","time":"00:00"}
[2021-07-30 16:15:39.954 +0300] INFO: addPlan(DAO) responded with: [{"_id":"2021-08-11","items":[{"time":"00:00","plan":"Birthday of Paul"}]}]
[2021-07-30 16:15:48.504 +0300] INFO: getPlans(DAO) requested with: {"days":[""],"user":"paulOkunev@mgail.com"}
[2021-07-30 16:15:48.624 +0300] INFO: getPlans(DAO) responded with: []
[2021-07-30 16:15:51.535 +0300] INFO: getPlans(DAO) requested with: {"days":["2021-08-11"],"user":"paulOkunev@mgail.com"}
[2021-07-30 16:15:51.651 +0300] INFO: getPlans(DAO) responded with: [{"_id":"2021-08-11","items":[{"time":"00:00","plan":"Birthday of Paul"}]}]
[2021-07-30 16:15:53.081 +0300] INFO: getPlans(DAO) requested with: {"days":[""],"user":"paulOkunev@mgail.com"}
[2021-07-30 16:15:53.564 +0300] INFO: getPlans(DAO) responded with: []
[2021-07-30 16:15:54.729 +0300] INFO: getPlans(DAO) requested with: {"days":["2021-08-11"],"user":"paulOkunev@mgail.com"}
[2021-07-30 16:15:55.200 +0300] INFO: getPlans(DAO) responded with: [{"_id":"2021-08-11","items":[{"time":"00:00","plan":"Birthday of Paul"}]}]
[2021-07-30 16:15:55.649 +0300] INFO: getPlans(DAO) requested with: {"days":[""],"user":"paulOkunev@mgail.com"}
[2021-07-30 16:15:55.770 +0300] INFO: getPlans(DAO) responded with: []
[2021-07-30 16:15:56.237 +0300] INFO: getPlans(DAO) requested with: {"days":["2021-08-11"],"user":"paulOkunev@mgail.com"}
[2021-07-30 16:15:56.353 +0300] INFO: getPlans(DAO) responded with: [{"_id":"2021-08-11","items":[{"time":"00:00","plan":"Birthday of Paul"}]}]
[2021-07-30 16:15:56.715 +0300] INFO: getPlans(DAO) requested with: {"days":[""],"user":"paulOkunev@mgail.com"}
[2021-07-30 16:15:56.836 +0300] INFO: getPlans(DAO) responded with: []
[2021-07-30 16:15:58.079 +0300] INFO: getPlans(DAO) requested with: {"days":["2021-08-12"],"user":"paulOkunev@mgail.com"}
[2021-07-30 16:15:58.195 +0300] INFO: getPlans(DAO) responded with: []
[2021-07-30 16:15:58.485 +0300] INFO: getPlans(DAO) requested with: {"days":["2021-08-12","2021-08-11"],"user":"paulOkunev@mgail.com"}
[2021-07-30 16:15:58.605 +0300] INFO: getPlans(DAO) responded with: [{"_id":"2021-08-11","items":[{"time":"00:00","plan":"Birthday of Paul"}]}]
[2021-07-30 16:15:59.284 +0300] INFO: getPlans(DAO) requested with: {"days":["2021-08-12"],"user":"paulOkunev@mgail.com"}
[2021-07-30 16:15:59.400 +0300] INFO: getPlans(DAO) responded with: []
[2021-07-30 16:15:59.607 +0300] INFO: getPlans(DAO) requested with: {"days":[""],"user":"paulOkunev@mgail.com"}
[2021-07-30 16:15:59.727 +0300] INFO: getPlans(DAO) responded with: []
[2021-07-30 16:24:58.789 +0300] INFO: getPlans(DAO) requested with: {"days":["2021-07-14"],"user":"paulOkunev@mgail.com"}
[2021-07-30 16:24:58.880 +0300] INFO: getPlans(DAO) responded with: []
[2021-07-30 16:25:08.965 +0300] INFO: addPlan(DAO) requested with: {"plan":"Sniffing","date":"2021-07-14","time":"15:00"}
[2021-07-30 16:25:09.439 +0300] INFO: addPlan(DAO) responded with: [{"_id":"2021-07-14","items":[{"time":"15:00","plan":"Sniffing"}]}]
[2021-07-30 16:26:06.851 +0300] INFO: getPlans(DAO) requested with: {"days":["2021-07-15"],"user":"paulOkunev@mgail.com"}
[2021-07-30 16:26:06.939 +0300] INFO: getPlans(DAO) responded with: []
[2021-07-30 16:26:19.413 +0300] INFO: addPlan(DAO) requested with: {"plan":"Brainstorming","date":"2021-07-15","time":"16:00"}
[2021-07-30 16:26:19.592 +0300] INFO: addPlan(DAO) responded with: [{"_id":"2021-07-15","items":[{"time":"16:00","plan":"Brainstorming"}]}]
[2021-07-30 16:28:54.786 +0300] INFO: getPlans(DAO) requested with: {"days":["2021-07-15"],"user":"paulOkunev@mgail.com"}
[2021-07-30 16:28:54.872 +0300] INFO: getPlans(DAO) responded with: [{"_id":"2021-07-15","items":[{"time":"16:00","plan":"Brainstorming"}]}]
[2021-07-30 16:29:10.291 +0300] INFO: addPlan(DAO) requested with: {"plan":"Riding a bike","date":"2021-07-15","time":"16:30"}
[2021-07-30 16:29:10.753 +0300] INFO: addPlan(DAO) responded with: [{"_id":"2021-07-15","items":[{"time":"16:00","plan":"Brainstorming"},{"time":"16:30","plan":"Riding a bike"}]}]
[2021-07-30 16:30:54.368 +0300] INFO: getPlans(DAO) requested with: {"days":["2021-07-15"],"user":"paulOkunev@mgail.com"}
[2021-07-30 16:30:54.779 +0300] INFO: getPlans(DAO) responded with: [{"_id":"2021-07-15","items":[{"time":"16:00","plan":"Brainstorming"},{"time":"16:30","plan":"Riding a bike"}]}]
[2021-07-30 16:31:02.264 +0300] INFO: getPlans(DAO) requested with: {"days":[""],"user":"paulOkunev@mgail.com"}
[2021-07-30 16:31:02.361 +0300] INFO: getPlans(DAO) responded with: []
[2021-07-30 16:31:02.671 +0300] INFO: getPlans(DAO) requested with: {"days":["2021-07-16"],"user":"paulOkunev@mgail.com"}
[2021-07-30 16:31:02.769 +0300] INFO: getPlans(DAO) responded with: []
[2021-07-30 16:31:05.371 +0300] INFO: getPlans(DAO) requested with: {"days":[""],"user":"paulOkunev@mgail.com"}
[2021-07-30 16:31:05.470 +0300] INFO: getPlans(DAO) responded with: []
[2021-07-30 16:31:06.105 +0300] INFO: getPlans(DAO) requested with: {"days":["2021-07-14"],"user":"paulOkunev@mgail.com"}
[2021-07-30 16:31:06.203 +0300] INFO: getPlans(DAO) responded with: [{"_id":"2021-07-14","items":[{"time":"15:00","plan":"Sniffing"}]}]
[2021-07-30 16:31:07.265 +0300] INFO: getPlans(DAO) requested with: {"days":[""],"user":"paulOkunev@mgail.com"}
[2021-07-30 16:31:07.366 +0300] INFO: getPlans(DAO) responded with: []
[2021-07-30 16:31:37.592 +0300] INFO: getPlans(DAO) requested with: {"days":["2021-07-14"],"user":"paulOkunev@mgail.com"}
[2021-07-30 16:31:37.680 +0300] INFO: getPlans(DAO) responded with: [{"_id":"2021-07-14","items":[{"time":"15:00","plan":"Sniffing"}]}]
[2021-07-30 16:31:39.888 +0300] INFO: getPlans(DAO) requested with: {"days":["2021-07-14","2021-07-15"],"user":"paulOkunev@mgail.com"}
[2021-07-30 16:31:39.972 +0300] INFO: getPlans(DAO) responded with: [{"_id":"2021-07-15","items":[{"time":"16:00","plan":"Brainstorming"},{"time":"16:30","plan":"Riding a bike"}]},{"_id":"2021-07-14","items":[{"time":"15:00","plan":"Sniffing"}]}]
[2021-07-30 16:31:42.897 +0300] INFO: getPlans(DAO) requested with: {"days":["2021-07-14"],"user":"paulOkunev@mgail.com"}
[2021-07-30 16:31:42.982 +0300] INFO: getPlans(DAO) responded with: [{"_id":"2021-07-14","items":[{"time":"15:00","plan":"Sniffing"}]}]
[2021-07-30 16:31:43.335 +0300] INFO: getPlans(DAO) requested with: {"days":[""],"user":"paulOkunev@mgail.com"}
[2021-07-30 16:31:43.420 +0300] INFO: getPlans(DAO) responded with: []
[2021-07-30 16:31:50.846 +0300] INFO: getPlans(DAO) requested with: {"days":["2021-07-15"],"user":"paulOkunev@mgail.com"}
[2021-07-30 16:31:50.930 +0300] INFO: getPlans(DAO) responded with: [{"_id":"2021-07-15","items":[{"time":"16:00","plan":"Brainstorming"},{"time":"16:30","plan":"Riding a bike"}]}]
